<?xml version="1.0" encoding="UTF-8"?>
<testng-results skipped="0" failed="0" ignored="0" total="1" passed="1">
  <reporter-output>
  </reporter-output>
  <suite name="Default suite" duration-ms="3370232" started-at="2019-06-03T13:42:44Z" finished-at="2019-06-03T14:38:55Z">
    <groups>
    </groups>
    <test name="Default test" duration-ms="3370232" started-at="2019-06-03T13:42:44Z" finished-at="2019-06-03T14:38:55Z">
      <class name="com.Infrahedge.ExceptionsTabScripts.IPPortfolioVaR">
        <test-method status="PASS" signature="openApplication()[pri:0, instance:com.Infrahedge.ExceptionsTabScripts.IPPortfolioVaR@51c8530f]" name="openApplication" is-config="true" duration-ms="11211" started-at="2019-06-03T13:42:44Z" finished-at="2019-06-03T13:42:56Z">
          <reporter-output>
          </reporter-output>
        </test-method> <!-- openApplication -->
        <test-method status="PASS" signature="getCurrentTestMethodName(org.testng.ITestResult)[pri:0, instance:com.Infrahedge.ExceptionsTabScripts.IPPortfolioVaR@51c8530f]" name="getCurrentTestMethodName" is-config="true" duration-ms="2" started-at="2019-06-03T13:42:56Z" finished-at="2019-06-03T13:42:56Z">
          <params>
            <param index="0">
              <value>
                <![CDATA[[TestResult name=fetch_IP_Portfolio_VaR status=SUCCESS method=IPPortfolioVaR.fetch_IP_Portfolio_VaR()[pri:0, instance:com.Infrahedge.ExceptionsTabScripts.IPPortfolioVaR@51c8530f] output={null}]]]>
              </value>
            </param>
          </params>
          <reporter-output>
          </reporter-output>
        </test-method> <!-- getCurrentTestMethodName -->
        <test-method status="PASS" signature="fetch_IP_Portfolio_VaR()[pri:0, instance:com.Infrahedge.ExceptionsTabScripts.IPPortfolioVaR@51c8530f]" name="fetch_IP_Portfolio_VaR" duration-ms="3352859" started-at="2019-06-03T13:42:56Z" finished-at="2019-06-03T14:38:49Z">
          <reporter-output>
          </reporter-output>
        </test-method> <!-- fetch_IP_Portfolio_VaR -->
        <test-method status="PASS" signature="tearDown(org.testng.ITestResult)[pri:0, instance:com.Infrahedge.ExceptionsTabScripts.IPPortfolioVaR@51c8530f]" name="tearDown" is-config="true" duration-ms="6136" started-at="2019-06-03T14:38:49Z" finished-at="2019-06-03T14:38:55Z">
          <params>
            <param index="0">
              <value>
                <![CDATA[[TestResult name=fetch_IP_Portfolio_VaR status=SUCCESS method=IPPortfolioVaR.fetch_IP_Portfolio_VaR()[pri:0, instance:com.Infrahedge.ExceptionsTabScripts.IPPortfolioVaR@51c8530f] output={null}]]]>
              </value>
            </param>
          </params>
          <reporter-output>
          </reporter-output>
        </test-method> <!-- tearDown -->
        <test-method status="PASS" signature="closeApplication()[pri:0, instance:com.Infrahedge.ExceptionsTabScripts.IPPortfolioVaR@51c8530f]" name="closeApplication" is-config="true" duration-ms="100" started-at="2019-06-03T14:38:55Z" finished-at="2019-06-03T14:38:55Z">
          <reporter-output>
          </reporter-output>
        </test-method> <!-- closeApplication -->
      </class> <!-- com.Infrahedge.ExceptionsTabScripts.IPPortfolioVaR -->
    </test> <!-- Default test -->
  </suite> <!-- Default suite -->
</testng-results>
