<?xml version="1.0" encoding="UTF-8"?>
<!-- Generated by org.testng.reporters.JUnitXMLReporter -->
<testsuite hostname="A2ML29058" ignored="20" name="Default test(failed)" tests="1" failures="1" timestamp="08 May 2019 09:09:06 GMT" time="15.504" errors="0">
  <testcase name="testSearchSubTabSEDOLOption" time="0.427" classname="com.Infrahedge.ExposureTabScripts.VerifyExposureBIEntity">
    <failure type="java.lang.NullPointerException">
      <![CDATA[java.lang.NullPointerException
at org.openqa.selenium.support.pagefactory.DefaultElementLocator.findElement(DefaultElementLocator.java:69)
at org.openqa.selenium.support.pagefactory.internal.LocatingElementHandler.invoke(LocatingElementHandler.java:38)
at com.sun.proxy.$Proxy11.click(Unknown Source)
at com.Infrahedge.PomPages.ExposurePages.ExposurePage.clickFilterIcon(ExposurePage.java:207)
at com.Infrahedge.ExposureTabScripts.VerifyExposureBIEntity.testSearchSubTabSEDOLOption(VerifyExposureBIEntity.java:490)
... Removed 25 stack frames]]>
    </failure>
  </testcase> <!-- testSearchSubTabSEDOLOption -->
  <testcase name="testSearchSubTabRegionOption" time="0.0" classname="com.Infrahedge.ExposureTabScripts.VerifyExposureBIEntity">
    <ignored/>
  </testcase> <!-- testSearchSubTabRegionOption -->
  <testcase name="testAUMElement" time="0.0" classname="com.Infrahedge.ExposureTabScripts.VerifyExposureBIEntity">
    <ignored/>
  </testcase> <!-- testAUMElement -->
  <testcase name="testLogin" time="0.0" classname="com.Infrahedge.ExposureTabScripts.VerifyExposureBIEntity">
    <ignored/>
  </testcase> <!-- testLogin -->
  <testcase name="testExposureSubTab" time="0.0" classname="com.Infrahedge.ExposureTabScripts.VerifyExposureBIEntity">
    <ignored/>
  </testcase> <!-- testExposureSubTab -->
  <testcase name="testSearchSubTab" time="0.0" classname="com.Infrahedge.ExposureTabScripts.VerifyExposureBIEntity">
    <ignored/>
  </testcase> <!-- testSearchSubTab -->
  <testcase name="testSearchSubTabAccountOption" time="0.0" classname="com.Infrahedge.ExposureTabScripts.VerifyExposureBIEntity">
    <ignored/>
  </testcase> <!-- testSearchSubTabAccountOption -->
  <testcase name="testLastRunServerDate" time="0.0" classname="com.Infrahedge.ExposureTabScripts.VerifyExposureBIEntity">
    <ignored/>
  </testcase> <!-- testLastRunServerDate -->
  <testcase name="testSearchSubTabCountryOption" time="0.0" classname="com.Infrahedge.ExposureTabScripts.VerifyExposureBIEntity">
    <ignored/>
  </testcase> <!-- testSearchSubTabCountryOption -->
  <testcase name="testSearchSubTabSectorOption" time="0.0" classname="com.Infrahedge.ExposureTabScripts.VerifyExposureBIEntity">
    <ignored/>
  </testcase> <!-- testSearchSubTabSectorOption -->
  <testcase name="testSearchSubTabHoldingsOption" time="0.0" classname="com.Infrahedge.ExposureTabScripts.VerifyExposureBIEntity">
    <ignored/>
  </testcase> <!-- testSearchSubTabHoldingsOption -->
  <testcase name="testBIButton" time="0.0" classname="com.Infrahedge.ExposureTabScripts.VerifyExposureBIEntity">
    <ignored/>
  </testcase> <!-- testBIButton -->
  <testcase name="testModelAndAccounNumberElements" time="0.0" classname="com.Infrahedge.ExposureTabScripts.VerifyExposureBIEntity">
    <ignored/>
  </testcase> <!-- testModelAndAccounNumberElements -->
  <testcase name="testExposureLink" time="0.0" classname="com.Infrahedge.ExposureTabScripts.VerifyExposureBIEntity">
    <ignored/>
  </testcase> <!-- testExposureLink -->
  <testcase name="testFilterIcon" time="0.0" classname="com.Infrahedge.ExposureTabScripts.VerifyExposureBIEntity">
    <ignored/>
  </testcase> <!-- testFilterIcon -->
  <testcase name="testSearchSubTabCreditRatingOption" time="0.0" classname="com.Infrahedge.ExposureTabScripts.VerifyExposureBIEntity">
    <ignored/>
  </testcase> <!-- testSearchSubTabCreditRatingOption -->
  <testcase name="testAccountsElement" time="0.0" classname="com.Infrahedge.ExposureTabScripts.VerifyExposureBIEntity">
    <ignored/>
  </testcase> <!-- testAccountsElement -->
  <testcase name="testModelList" time="0.0" classname="com.Infrahedge.ExposureTabScripts.VerifyExposureBIEntity">
    <ignored/>
  </testcase> <!-- testModelList -->
  <testcase name="testSearchSubTabTickerOption" time="0.0" classname="com.Infrahedge.ExposureTabScripts.VerifyExposureBIEntity">
    <ignored/>
  </testcase> <!-- testSearchSubTabTickerOption -->
  <testcase name="testSearchSubTabISINOption" time="0.0" classname="com.Infrahedge.ExposureTabScripts.VerifyExposureBIEntity">
    <ignored/>
  </testcase> <!-- testSearchSubTabISINOption -->
  <testcase name="testAccountList" time="0.0" classname="com.Infrahedge.ExposureTabScripts.VerifyExposureBIEntity">
    <ignored/>
  </testcase> <!-- testAccountList -->
</testsuite> <!-- Default test(failed) -->
